<?xml version="1.0" encoding="UTF-8"?>
<!-- Generated by org.testng.reporters.JUnitXMLReporter -->
<testsuite ignored="2" hostname="LAPTOP-42I55FH6" failures="1" tests="3" name="Testing" time="17.848" errors="0" timestamp="2024-08-18T05:22:48 IST">
  <testcase classname="com.E2E_FrameWrok.testCases.LoginTestDP" name="LoginDP" time="0.046">
    <failure type="java.lang.IllegalArgumentException" message="Keys to send should be a not null CharSequence">
      <![CDATA[java.lang.IllegalArgumentException: Keys to send should be a not null CharSequence
at org.openqa.selenium.remote.RemoteWebElement.sendKeys(RemoteWebElement.java:96)
at org.openqa.selenium.support.pagefactory.internal.LocatingElementHandler.invoke(LocatingElementHandler.java:51)
at jdk.proxy2/jdk.proxy2.$Proxy16.sendKeys(Unknown Source)
at com.E2E_FrameWrok.pageObjects.LoginPage.setUsername(LoginPage.java:28)
at com.E2E_FrameWrok.testCases.LoginTestDP.LoginDP(LoginTestDP.java:38)
at java.base/java.util.concurrent.ThreadPoolExecutor.runWorker(ThreadPoolExecutor.java:1136)
at java.base/java.util.concurrent.ThreadPoolExecutor$Worker.run(ThreadPoolExecutor.java:635)
at java.base/java.lang.Thread.run(Thread.java:840)
... Removed 13 stack frames]]>
    </failure>
  </testcase> <!-- LoginDP -->
  <testcase classname="com.E2E_FrameWrok.testCases.LoginTestDP" name="LoginDP" time="8.513"/>
  <testcase classname="com.E2E_FrameWrok.testCases.LoginTestDP" name="LoginDP" time="8.551"/>
  <testcase classname="com.E2E_FrameWrok.testCases.BaseClass" name="@AfterTest tearDown" time="0.0">
    <ignored/>
  </testcase> <!-- @AfterTest tearDown -->
  <testcase classname="com.E2E_FrameWrok.testCases.BaseClass" name="@BeforeTest setup" time="0.0">
    <ignored/>
  </testcase> <!-- @BeforeTest setup -->
</testsuite> <!-- Testing -->
