<?xml version="1.0" encoding="UTF-8"?>
<!-- Generated by org.testng.reporters.JUnitXMLReporter -->
<testsuite ignored="0" hostname="LAPTOP-42I55FH6" failures="0" tests="3" name="Testing2" time="16.732" errors="0" timestamp="2024-08-18T05:24:59 IST">
  <testcase classname="com.E2E_FrameWrok.testCases.LoginTest" name="loginTest" time="5.08"/>
  <testcase classname="com.E2E_FrameWrok.testCases.LoginTest" name="testtwo" time="0.016"/>
  <testcase classname="com.E2E_FrameWrok.testCases.LoginTest" name="testthree" time="5.708"/>
</testsuite> <!-- Testing2 -->
