<?xml version="1.0" encoding="UTF-8"?>
<!-- Generated by org.testng.reporters.JUnitXMLReporter -->
<testsuite ignored="0" hostname="LAPTOP-42I55FH6" failures="0" tests="3" name="Testing" time="15.43" errors="0" timestamp="2024-08-18T05:24:43 IST">
  <testcase classname="com.E2E_FrameWrok.testCases.LoginTest" name="loginTest" time="4.691"/>
  <testcase classname="com.E2E_FrameWrok.testCases.LoginTest" name="testtwo" time="0.024"/>
  <testcase classname="com.E2E_FrameWrok.testCases.LoginTest" name="testthree" time="5.495"/>
</testsuite> <!-- Testing -->
