<?xml version="1.0" encoding="UTF-8"?>
<testng-results ignored="0" total="6" passed="6" failed="0" skipped="0">
  <reporter-output>
  </reporter-output>
  <suite started-at="2024-08-18T05:24:27 IST" name="E2E_FrameWork" finished-at="2024-08-18T05:24:59 IST" duration-ms="32666">
    <groups>
    </groups>
    <test started-at="2024-08-18T05:24:27 IST" name="Testing" finished-at="2024-08-18T05:24:42 IST" duration-ms="15430">
      <class name="com.E2E_FrameWrok.testCases.LoginTest">
        <test-method is-config="true" signature="setup(java.lang.String)[pri:0, instance:com.E2E_FrameWrok.testCases.LoginTest@42b02722]" started-at="2024-08-18T05:24:27 IST" name="setup" finished-at="2024-08-18T05:24:31 IST" duration-ms="4580" status="PASS">
          <params>
            <param index="0">
              <value>
                <![CDATA[Chrome]]>
              </value>
            </param>
          </params>
          <reporter-output>
          </reporter-output>
        </test-method> <!-- setup -->
        <test-method signature="loginTest()[pri:0, instance:com.E2E_FrameWrok.testCases.LoginTest@42b02722]" started-at="2024-08-18T05:24:31 IST" name="loginTest" finished-at="2024-08-18T05:24:36 IST" duration-ms="4691" status="PASS">
          <reporter-output>
          </reporter-output>
        </test-method> <!-- loginTest -->
        <test-method signature="testtwo()[pri:1, instance:com.E2E_FrameWrok.testCases.LoginTest@42b02722]" started-at="2024-08-18T05:24:36 IST" name="testtwo" finished-at="2024-08-18T05:24:36 IST" depends-on-methods="com.E2E_FrameWrok.testCases.LoginTest.loginTest" duration-ms="24" status="PASS">
          <reporter-output>
          </reporter-output>
        </test-method> <!-- testtwo -->
        <test-method signature="testthree()[pri:2, instance:com.E2E_FrameWrok.testCases.LoginTest@42b02722]" started-at="2024-08-18T05:24:36 IST" name="testthree" finished-at="2024-08-18T05:24:42 IST" depends-on-methods="com.E2E_FrameWrok.testCases.LoginTest.testtwo" duration-ms="5495" status="PASS">
          <reporter-output>
          </reporter-output>
        </test-method> <!-- testthree -->
        <test-method is-config="true" signature="tearDown()[pri:0, instance:com.E2E_FrameWrok.testCases.LoginTest@42b02722]" started-at="2024-08-18T05:24:42 IST" name="tearDown" finished-at="2024-08-18T05:24:42 IST" duration-ms="236" status="PASS">
          <reporter-output>
          </reporter-output>
        </test-method> <!-- tearDown -->
      </class> <!-- com.E2E_FrameWrok.testCases.LoginTest -->
    </test> <!-- Testing -->
    <test started-at="2024-08-18T05:24:43 IST" name="Testing2" finished-at="2024-08-18T05:24:59 IST" duration-ms="16732">
      <class name="com.E2E_FrameWrok.testCases.LoginTest">
        <test-method is-config="true" signature="setup(java.lang.String)[pri:0, instance:com.E2E_FrameWrok.testCases.LoginTest@34f22f9d]" started-at="2024-08-18T05:24:43 IST" name="setup" finished-at="2024-08-18T05:24:47 IST" duration-ms="4227" status="PASS">
          <params>
            <param index="0">
              <value>
                <![CDATA[Edge]]>
              </value>
            </param>
          </params>
          <reporter-output>
          </reporter-output>
        </test-method> <!-- setup -->
        <test-method signature="loginTest()[pri:0, instance:com.E2E_FrameWrok.testCases.LoginTest@34f22f9d]" started-at="2024-08-18T05:24:47 IST" name="loginTest" finished-at="2024-08-18T05:24:52 IST" duration-ms="5080" status="PASS">
          <reporter-output>
          </reporter-output>
        </test-method> <!-- loginTest -->
        <test-method signature="testtwo()[pri:1, instance:com.E2E_FrameWrok.testCases.LoginTest@34f22f9d]" started-at="2024-08-18T05:24:52 IST" name="testtwo" finished-at="2024-08-18T05:24:52 IST" depends-on-methods="com.E2E_FrameWrok.testCases.LoginTest.loginTest" duration-ms="16" status="PASS">
          <reporter-output>
          </reporter-output>
        </test-method> <!-- testtwo -->
        <test-method signature="testthree()[pri:2, instance:com.E2E_FrameWrok.testCases.LoginTest@34f22f9d]" started-at="2024-08-18T05:24:52 IST" name="testthree" finished-at="2024-08-18T05:24:58 IST" depends-on-methods="com.E2E_FrameWrok.testCases.LoginTest.testtwo" duration-ms="5708" status="PASS">
          <reporter-output>
          </reporter-output>
        </test-method> <!-- testthree -->
        <test-method is-config="true" signature="tearDown()[pri:0, instance:com.E2E_FrameWrok.testCases.LoginTest@34f22f9d]" started-at="2024-08-18T05:24:58 IST" name="tearDown" finished-at="2024-08-18T05:24:59 IST" duration-ms="1336" status="PASS">
          <reporter-output>
          </reporter-output>
        </test-method> <!-- tearDown -->
      </class> <!-- com.E2E_FrameWrok.testCases.LoginTest -->
    </test> <!-- Testing2 -->
  </suite> <!-- E2E_FrameWork -->
</testng-results>
